<?xml version="1.0" encoding="UTF-8"?>
<testng-results ignored="0" total="1" passed="1" failed="0" skipped="0">
  <reporter-output>
  </reporter-output>
  <suite started-at="2023-11-30T16:30:36 IST" name="Default suite" finished-at="2023-11-30T16:30:46 IST" duration-ms="9690">
    <groups>
    </groups>
    <test started-at="2023-11-30T16:30:36 IST" name="Default test" finished-at="2023-11-30T16:30:46 IST" duration-ms="9690">
      <class name="com.trendcart.testscript1.VerifyDelettheInsertedproductTest">
        <test-method signature="VerifyDelet()[pri:0, instance:com.trendcart.testscript1.VerifyDelettheInsertedproductTest@bcec361]" started-at="2023-11-30T16:30:36 IST" name="VerifyDelet" finished-at="2023-11-30T16:30:46 IST" duration-ms="9626" status="PASS">
          <reporter-output>
          </reporter-output>
        </test-method> <!-- VerifyDelet -->
      </class> <!-- com.trendcart.testscript1.VerifyDelettheInsertedproductTest -->
    </test> <!-- Default test -->
  </suite> <!-- Default suite -->
</testng-results>
